Pig Stack Trace
---------------
ERROR 1200: <file , line 5> Cannot expand macro 'COUNT'. Reason: Macro must be defined before expansion.

Failed to parse: <file , line 5> Cannot expand macro 'COUNT'. Reason: Macro must be defined before expansion.
	at org.apache.pig.parser.PigMacro.macroInline(PigMacro.java:452)
	at org.apache.pig.parser.QueryParserDriver.inlineMacro(QueryParserDriver.java:301)
	at org.apache.pig.parser.QueryParserDriver.expandMacro(QueryParserDriver.java:290)
	at org.apache.pig.parser.QueryParserDriver.parse(QueryParserDriver.java:183)
	at org.apache.pig.PigServer$Graph.validateQuery(PigServer.java:1792)
	at org.apache.pig.PigServer$Graph.registerQuery(PigServer.java:1765)
	at org.apache.pig.PigServer.registerQuery(PigServer.java:708)
	at org.apache.pig.tools.grunt.GruntParser.processPig(GruntParser.java:1110)
	at org.apache.pig.tools.pigscript.parser.PigScriptParser.parse(PigScriptParser.java:512)
	at org.apache.pig.tools.grunt.GruntParser.parseStopOnError(GruntParser.java:230)
	at org.apache.pig.tools.grunt.GruntParser.parseStopOnError(GruntParser.java:205)
	at org.apache.pig.tools.grunt.Grunt.run(Grunt.java:66)
	at org.apache.pig.Main.run(Main.java:564)
	at org.apache.pig.Main.main(Main.java:175)
	at sun.reflect.NativeMethodAccessorImpl.invoke0(Native Method)
	at sun.reflect.NativeMethodAccessorImpl.invoke(NativeMethodAccessorImpl.java:62)
	at sun.reflect.DelegatingMethodAccessorImpl.invoke(DelegatingMethodAccessorImpl.java:43)
	at java.lang.reflect.Method.invoke(Method.java:498)
	at org.apache.hadoop.util.RunJar.run(RunJar.java:221)
	at org.apache.hadoop.util.RunJar.main(RunJar.java:136)
================================================================================
Pig Stack Trace
---------------
ERROR 1070: Could not resolve count using imports: [, java.lang., org.apache.pig.builtin., org.apache.pig.impl.builtin.]

Failed to parse: Pig script failed to parse: <line 5, column 31> Failed to generate logical plan. Nested exception: org.apache.pig.backend.executionengine.ExecException: ERROR 1070: Could not resolve count using imports: [, java.lang., org.apache.pig.builtin., org.apache.pig.impl.builtin.]
	at org.apache.pig.parser.QueryParserDriver.parse(QueryParserDriver.java:199)
	at org.apache.pig.PigServer$Graph.validateQuery(PigServer.java:1792)
	at org.apache.pig.PigServer$Graph.registerQuery(PigServer.java:1765)
	at org.apache.pig.PigServer.registerQuery(PigServer.java:708)
	at org.apache.pig.tools.grunt.GruntParser.processPig(GruntParser.java:1110)
	at org.apache.pig.tools.pigscript.parser.PigScriptParser.parse(PigScriptParser.java:512)
	at org.apache.pig.tools.grunt.GruntParser.parseStopOnError(GruntParser.java:230)
	at org.apache.pig.tools.grunt.GruntParser.parseStopOnError(GruntParser.java:205)
	at org.apache.pig.tools.grunt.Grunt.run(Grunt.java:66)
	at org.apache.pig.Main.run(Main.java:564)
	at org.apache.pig.Main.main(Main.java:175)
	at sun.reflect.NativeMethodAccessorImpl.invoke0(Native Method)
	at sun.reflect.NativeMethodAccessorImpl.invoke(NativeMethodAccessorImpl.java:62)
	at sun.reflect.DelegatingMethodAccessorImpl.invoke(DelegatingMethodAccessorImpl.java:43)
	at java.lang.reflect.Method.invoke(Method.java:498)
	at org.apache.hadoop.util.RunJar.run(RunJar.java:221)
	at org.apache.hadoop.util.RunJar.main(RunJar.java:136)
Caused by: <line 5, column 31> Failed to generate logical plan. Nested exception: org.apache.pig.backend.executionengine.ExecException: ERROR 1070: Could not resolve count using imports: [, java.lang., org.apache.pig.builtin., org.apache.pig.impl.builtin.]
	at org.apache.pig.parser.LogicalPlanBuilder.buildUDF(LogicalPlanBuilder.java:1587)
	at org.apache.pig.parser.LogicalPlanGenerator.func_eval(LogicalPlanGenerator.java:9403)
	at org.apache.pig.parser.LogicalPlanGenerator.projectable_expr(LogicalPlanGenerator.java:11082)
	at org.apache.pig.parser.LogicalPlanGenerator.var_expr(LogicalPlanGenerator.java:10841)
	at org.apache.pig.parser.LogicalPlanGenerator.expr(LogicalPlanGenerator.java:10190)
	at org.apache.pig.parser.LogicalPlanGenerator.flatten_generated_item(LogicalPlanGenerator.java:7519)
	at org.apache.pig.parser.LogicalPlanGenerator.generate_clause(LogicalPlanGenerator.java:17621)
	at org.apache.pig.parser.LogicalPlanGenerator.foreach_plan(LogicalPlanGenerator.java:16013)
	at org.apache.pig.parser.LogicalPlanGenerator.foreach_clause(LogicalPlanGenerator.java:15880)
	at org.apache.pig.parser.LogicalPlanGenerator.op_clause(LogicalPlanGenerator.java:1933)
	at org.apache.pig.parser.LogicalPlanGenerator.general_statement(LogicalPlanGenerator.java:1102)
	at org.apache.pig.parser.LogicalPlanGenerator.statement(LogicalPlanGenerator.java:560)
	at org.apache.pig.parser.LogicalPlanGenerator.query(LogicalPlanGenerator.java:421)
	at org.apache.pig.parser.QueryParserDriver.parse(QueryParserDriver.java:191)
	... 16 more
Caused by: org.apache.pig.backend.executionengine.ExecException: ERROR 1070: Could not resolve count using imports: [, java.lang., org.apache.pig.builtin., org.apache.pig.impl.builtin.]
	at org.apache.pig.impl.PigContext.resolveClassName(PigContext.java:676)
	at org.apache.pig.impl.PigContext.getClassForAlias(PigContext.java:797)
	at org.apache.pig.parser.LogicalPlanBuilder.buildUDF(LogicalPlanBuilder.java:1584)
	... 29 more
================================================================================
Pig Stack Trace
---------------
ERROR 1000: Error during parsing. Encountered " <PATH> "hn_g=GROUP "" at line 2, column 1.
Was expecting one of:
    <EOF> 
    "cat" ...
    "clear" ...
    "fs" ...
    "sh" ...
    "cd" ...
    "cp" ...
    "copyFromLocal" ...
    "copyToLocal" ...
    "dump" ...
    "\\d" ...
    "describe" ...
    "\\de" ...
    "aliases" ...
    "explain" ...
    "\\e" ...
    "help" ...
    "history" ...
    "kill" ...
    "ls" ...
    "mv" ...
    "mkdir" ...
    "pwd" ...
    "quit" ...
    "\\q" ...
    "register" ...
    "rm" ...
    "rmf" ...
    "set" ...
    "illustrate" ...
    "\\i" ...
    "run" ...
    "exec" ...
    "%default" ...
    "%declare" ...
    "scriptDone" ...
    "" ...
    "" ...
    <EOL> ...
    ";" ...
    

org.apache.pig.tools.pigscript.parser.ParseException: Encountered " <PATH> "hn_g=GROUP "" at line 2, column 1.
Was expecting one of:
    <EOF> 
    "cat" ...
    "clear" ...
    "fs" ...
    "sh" ...
    "cd" ...
    "cp" ...
    "copyFromLocal" ...
    "copyToLocal" ...
    "dump" ...
    "\\d" ...
    "describe" ...
    "\\de" ...
    "aliases" ...
    "explain" ...
    "\\e" ...
    "help" ...
    "history" ...
    "kill" ...
    "ls" ...
    "mv" ...
    "mkdir" ...
    "pwd" ...
    "quit" ...
    "\\q" ...
    "register" ...
    "rm" ...
    "rmf" ...
    "set" ...
    "illustrate" ...
    "\\i" ...
    "run" ...
    "exec" ...
    "%default" ...
    "%declare" ...
    "scriptDone" ...
    "" ...
    "" ...
    <EOL> ...
    ";" ...
    
	at org.apache.pig.tools.pigscript.parser.PigScriptParser.generateParseException(PigScriptParser.java:1560)
	at org.apache.pig.tools.pigscript.parser.PigScriptParser.handle_invalid_command(PigScriptParser.java:1368)
	at org.apache.pig.tools.pigscript.parser.PigScriptParser.parse(PigScriptParser.java:733)
	at org.apache.pig.tools.grunt.GruntParser.parseStopOnError(GruntParser.java:230)
	at org.apache.pig.tools.grunt.GruntParser.parseStopOnError(GruntParser.java:205)
	at org.apache.pig.tools.grunt.Grunt.run(Grunt.java:66)
	at org.apache.pig.Main.run(Main.java:564)
	at org.apache.pig.Main.main(Main.java:175)
	at sun.reflect.NativeMethodAccessorImpl.invoke0(Native Method)
	at sun.reflect.NativeMethodAccessorImpl.invoke(NativeMethodAccessorImpl.java:62)
	at sun.reflect.DelegatingMethodAccessorImpl.invoke(DelegatingMethodAccessorImpl.java:43)
	at java.lang.reflect.Method.invoke(Method.java:498)
	at org.apache.hadoop.util.RunJar.run(RunJar.java:221)
	at org.apache.hadoop.util.RunJar.main(RunJar.java:136)
================================================================================
Pig Stack Trace
---------------
ERROR 1070: Could not resolve count using imports: [, java.lang., org.apache.pig.builtin., org.apache.pig.impl.builtin.]

Failed to parse: Pig script failed to parse: <line 6, column 49> Failed to generate logical plan. Nested exception: org.apache.pig.backend.executionengine.ExecException: ERROR 1070: Could not resolve count using imports: [, java.lang., org.apache.pig.builtin., org.apache.pig.impl.builtin.]
	at org.apache.pig.parser.QueryParserDriver.parse(QueryParserDriver.java:199)
	at org.apache.pig.PigServer$Graph.validateQuery(PigServer.java:1792)
	at org.apache.pig.PigServer$Graph.registerQuery(PigServer.java:1765)
	at org.apache.pig.PigServer.registerQuery(PigServer.java:708)
	at org.apache.pig.tools.grunt.GruntParser.processPig(GruntParser.java:1110)
	at org.apache.pig.tools.pigscript.parser.PigScriptParser.parse(PigScriptParser.java:512)
	at org.apache.pig.tools.grunt.GruntParser.parseStopOnError(GruntParser.java:230)
	at org.apache.pig.tools.grunt.GruntParser.parseStopOnError(GruntParser.java:205)
	at org.apache.pig.tools.grunt.Grunt.run(Grunt.java:66)
	at org.apache.pig.Main.run(Main.java:564)
	at org.apache.pig.Main.main(Main.java:175)
	at sun.reflect.NativeMethodAccessorImpl.invoke0(Native Method)
	at sun.reflect.NativeMethodAccessorImpl.invoke(NativeMethodAccessorImpl.java:62)
	at sun.reflect.DelegatingMethodAccessorImpl.invoke(DelegatingMethodAccessorImpl.java:43)
	at java.lang.reflect.Method.invoke(Method.java:498)
	at org.apache.hadoop.util.RunJar.run(RunJar.java:221)
	at org.apache.hadoop.util.RunJar.main(RunJar.java:136)
Caused by: <line 6, column 49> Failed to generate logical plan. Nested exception: org.apache.pig.backend.executionengine.ExecException: ERROR 1070: Could not resolve count using imports: [, java.lang., org.apache.pig.builtin., org.apache.pig.impl.builtin.]
	at org.apache.pig.parser.LogicalPlanBuilder.buildUDF(LogicalPlanBuilder.java:1587)
	at org.apache.pig.parser.LogicalPlanGenerator.func_eval(LogicalPlanGenerator.java:9403)
	at org.apache.pig.parser.LogicalPlanGenerator.projectable_expr(LogicalPlanGenerator.java:11082)
	at org.apache.pig.parser.LogicalPlanGenerator.var_expr(LogicalPlanGenerator.java:10841)
	at org.apache.pig.parser.LogicalPlanGenerator.expr(LogicalPlanGenerator.java:10190)
	at org.apache.pig.parser.LogicalPlanGenerator.flatten_generated_item(LogicalPlanGenerator.java:7519)
	at org.apache.pig.parser.LogicalPlanGenerator.generate_clause(LogicalPlanGenerator.java:17621)
	at org.apache.pig.parser.LogicalPlanGenerator.foreach_plan(LogicalPlanGenerator.java:16013)
	at org.apache.pig.parser.LogicalPlanGenerator.foreach_clause(LogicalPlanGenerator.java:15880)
	at org.apache.pig.parser.LogicalPlanGenerator.op_clause(LogicalPlanGenerator.java:1933)
	at org.apache.pig.parser.LogicalPlanGenerator.general_statement(LogicalPlanGenerator.java:1102)
	at org.apache.pig.parser.LogicalPlanGenerator.statement(LogicalPlanGenerator.java:560)
	at org.apache.pig.parser.LogicalPlanGenerator.query(LogicalPlanGenerator.java:421)
	at org.apache.pig.parser.QueryParserDriver.parse(QueryParserDriver.java:191)
	... 16 more
Caused by: org.apache.pig.backend.executionengine.ExecException: ERROR 1070: Could not resolve count using imports: [, java.lang., org.apache.pig.builtin., org.apache.pig.impl.builtin.]
	at org.apache.pig.impl.PigContext.resolveClassName(PigContext.java:676)
	at org.apache.pig.impl.PigContext.getClassForAlias(PigContext.java:797)
	at org.apache.pig.parser.LogicalPlanBuilder.buildUDF(LogicalPlanBuilder.java:1584)
	... 29 more
================================================================================
Pig Stack Trace
---------------
ERROR 1200: Pig script failed to parse: <line 9, column 15> Undefined alias: join_airlines

Failed to parse: Pig script failed to parse: <line 9, column 15> Undefined alias: join_airlines
	at org.apache.pig.parser.QueryParserDriver.parse(QueryParserDriver.java:199)
	at org.apache.pig.PigServer$Graph.validateQuery(PigServer.java:1792)
	at org.apache.pig.PigServer$Graph.registerQuery(PigServer.java:1765)
	at org.apache.pig.PigServer.registerQuery(PigServer.java:708)
	at org.apache.pig.tools.grunt.GruntParser.processPig(GruntParser.java:1110)
	at org.apache.pig.tools.pigscript.parser.PigScriptParser.parse(PigScriptParser.java:512)
	at org.apache.pig.tools.grunt.GruntParser.parseStopOnError(GruntParser.java:230)
	at org.apache.pig.tools.grunt.GruntParser.parseStopOnError(GruntParser.java:205)
	at org.apache.pig.tools.grunt.Grunt.run(Grunt.java:66)
	at org.apache.pig.Main.run(Main.java:564)
	at org.apache.pig.Main.main(Main.java:175)
	at sun.reflect.NativeMethodAccessorImpl.invoke0(Native Method)
	at sun.reflect.NativeMethodAccessorImpl.invoke(NativeMethodAccessorImpl.java:62)
	at sun.reflect.DelegatingMethodAccessorImpl.invoke(DelegatingMethodAccessorImpl.java:43)
	at java.lang.reflect.Method.invoke(Method.java:498)
	at org.apache.hadoop.util.RunJar.run(RunJar.java:221)
	at org.apache.hadoop.util.RunJar.main(RunJar.java:136)
Caused by: <line 9, column 15> Undefined alias: join_airlines
	at org.apache.pig.parser.AstValidator.validateAliasRef(AstValidator.java:278)
	at org.apache.pig.parser.AstValidator.rel(AstValidator.java:6557)
	at org.apache.pig.parser.AstValidator.rank_clause(AstValidator.java:11474)
	at org.apache.pig.parser.AstValidator.op_clause(AstValidator.java:1783)
	at org.apache.pig.parser.AstValidator.general_statement(AstValidator.java:1035)
	at org.apache.pig.parser.AstValidator.statement(AstValidator.java:499)
	at org.apache.pig.parser.AstValidator.query(AstValidator.java:373)
	at org.apache.pig.parser.QueryParserDriver.validateAst(QueryParserDriver.java:258)
	at org.apache.pig.parser.QueryParserDriver.parse(QueryParserDriver.java:186)
	... 16 more
================================================================================
Pig Stack Trace
---------------
ERROR 1000: Error during parsing. Encountered " <PATH> "mas_ret=limit "" at line 2, column 1.
Was expecting one of:
    <EOF> 
    "cat" ...
    "clear" ...
    "fs" ...
    "sh" ...
    "cd" ...
    "cp" ...
    "copyFromLocal" ...
    "copyToLocal" ...
    "dump" ...
    "\\d" ...
    "describe" ...
    "\\de" ...
    "aliases" ...
    "explain" ...
    "\\e" ...
    "help" ...
    "history" ...
    "kill" ...
    "ls" ...
    "mv" ...
    "mkdir" ...
    "pwd" ...
    "quit" ...
    "\\q" ...
    "register" ...
    "rm" ...
    "rmf" ...
    "set" ...
    "illustrate" ...
    "\\i" ...
    "run" ...
    "exec" ...
    "%default" ...
    "%declare" ...
    "scriptDone" ...
    "" ...
    "" ...
    <EOL> ...
    ";" ...
    

org.apache.pig.tools.pigscript.parser.ParseException: Encountered " <PATH> "mas_ret=limit "" at line 2, column 1.
Was expecting one of:
    <EOF> 
    "cat" ...
    "clear" ...
    "fs" ...
    "sh" ...
    "cd" ...
    "cp" ...
    "copyFromLocal" ...
    "copyToLocal" ...
    "dump" ...
    "\\d" ...
    "describe" ...
    "\\de" ...
    "aliases" ...
    "explain" ...
    "\\e" ...
    "help" ...
    "history" ...
    "kill" ...
    "ls" ...
    "mv" ...
    "mkdir" ...
    "pwd" ...
    "quit" ...
    "\\q" ...
    "register" ...
    "rm" ...
    "rmf" ...
    "set" ...
    "illustrate" ...
    "\\i" ...
    "run" ...
    "exec" ...
    "%default" ...
    "%declare" ...
    "scriptDone" ...
    "" ...
    "" ...
    <EOL> ...
    ";" ...
    
	at org.apache.pig.tools.pigscript.parser.PigScriptParser.generateParseException(PigScriptParser.java:1560)
	at org.apache.pig.tools.pigscript.parser.PigScriptParser.handle_invalid_command(PigScriptParser.java:1368)
	at org.apache.pig.tools.pigscript.parser.PigScriptParser.parse(PigScriptParser.java:733)
	at org.apache.pig.tools.grunt.GruntParser.parseStopOnError(GruntParser.java:230)
	at org.apache.pig.tools.grunt.GruntParser.parseStopOnError(GruntParser.java:205)
	at org.apache.pig.tools.grunt.Grunt.run(Grunt.java:66)
	at org.apache.pig.Main.run(Main.java:564)
	at org.apache.pig.Main.main(Main.java:175)
	at sun.reflect.NativeMethodAccessorImpl.invoke0(Native Method)
	at sun.reflect.NativeMethodAccessorImpl.invoke(NativeMethodAccessorImpl.java:62)
	at sun.reflect.DelegatingMethodAccessorImpl.invoke(DelegatingMethodAccessorImpl.java:43)
	at java.lang.reflect.Method.invoke(Method.java:498)
	at org.apache.hadoop.util.RunJar.run(RunJar.java:221)
	at org.apache.hadoop.util.RunJar.main(RunJar.java:136)
================================================================================
Pig Stack Trace
---------------
ERROR 1066: Unable to open iterator for alias mas_ret

org.apache.pig.impl.logicalLayer.FrontendException: ERROR 1066: Unable to open iterator for alias mas_ret
	at org.apache.pig.PigServer.openIterator(PigServer.java:1020)
	at org.apache.pig.tools.grunt.GruntParser.processDump(GruntParser.java:782)
	at org.apache.pig.tools.pigscript.parser.PigScriptParser.parse(PigScriptParser.java:383)
	at org.apache.pig.tools.grunt.GruntParser.parseStopOnError(GruntParser.java:230)
	at org.apache.pig.tools.grunt.GruntParser.parseStopOnError(GruntParser.java:205)
	at org.apache.pig.tools.grunt.Grunt.run(Grunt.java:66)
	at org.apache.pig.Main.run(Main.java:564)
	at org.apache.pig.Main.main(Main.java:175)
	at sun.reflect.NativeMethodAccessorImpl.invoke0(Native Method)
	at sun.reflect.NativeMethodAccessorImpl.invoke(NativeMethodAccessorImpl.java:62)
	at sun.reflect.DelegatingMethodAccessorImpl.invoke(DelegatingMethodAccessorImpl.java:43)
	at java.lang.reflect.Method.invoke(Method.java:498)
	at org.apache.hadoop.util.RunJar.run(RunJar.java:221)
	at org.apache.hadoop.util.RunJar.main(RunJar.java:136)
Caused by: java.io.IOException: Couldn't retrieve job.
	at org.apache.pig.PigServer.store(PigServer.java:1084)
	at org.apache.pig.PigServer.openIterator(PigServer.java:995)
	... 13 more
================================================================================
